{
  "RSpec": {
    "coverage": {
      "/Users/Gunnery/Documents/Makers/grocery-app/spec/add_item_spec.rb": [
        1,
        1,
        null,
        1,
        1,
        1,
        1,
        1,
        null,
        1,
        1,
        1,
        1,
        null,
        null,
        null
      ],
      "/Users/Gunnery/Documents/Makers/grocery-app/lib/grocery_list.rb": [
        1,
        null,
        1,
        1,
        null,
        1,
        9,
        9,
        null,
        null,
        1,
        1,
        1,
        null,
        0,
        null,
        1,
        1,
        4,
        null,
        null,
        null,
        1,
        null,
        5,
        5,
        null,
        0,
        null,
        null,
        5,
        5,
        null,
        null,
        null,
        1,
        null,
        1,
        1,
        null,
        0,
        null,
        null,
        1,
        null,
        null,
        null
      ],
      "/Users/Gunnery/Documents/Makers/grocery-app/spec/delete_item_spec.rb": [
        1,
        1,
        null,
        1,
        1,
        1,
        1,
        1,
        null,
        1,
        null,
        null,
        1,
        1,
        null,
        null,
        null
      ],
      "/Users/Gunnery/Documents/Makers/grocery-app/spec/see_item_spec.rb": [
        1,
        1,
        null,
        1,
        1,
        1,
        1,
        null,
        1,
        1,
        1,
        1,
        null,
        1,
        null,
        1,
        1,
        1,
        1,
        null,
        null,
        null
      ]
    },
    "timestamp": 1571845848
  }
}
