{
  "RSpec": {
    "coverage": {
      "/Users/Gunnery/Documents/Makers/grocery-app/spec/add_item_spec.rb": [
        1,
        1,
        null,
        1,
        1,
        1,
        1,
        1,
        null,
        1,
        1,
        1,
        1,
        1,
        null,
        null,
        null
      ],
      "/Users/Gunnery/Documents/Makers/grocery-app/lib/grocery_list.rb": [
        1,
        null,
        1,
        1,
        null,
        1,
        11,
        11,
        null,
        null,
        1,
        1,
        1,
        null,
        0,
        null,
        1,
        1,
        5,
        null,
        null,
        null,
        1,
        null,
        6,
        6,
        null,
        0,
        null,
        null,
        6,
        6,
        null,
        null,
        null,
        1,
        null,
        1,
        1,
        null,
        0,
        null,
        null,
        1,
        null,
        null,
        null
      ],
      "/Users/Gunnery/Documents/Makers/grocery-app/spec/delete_item_spec.rb": [
        1,
        1,
        null,
        1,
        1,
        1,
        1,
        1,
        null,
        1,
        null,
        null,
        1,
        1,
        1,
        null,
        null,
        null
      ],
      "/Users/Gunnery/Documents/Makers/grocery-app/spec/see_item_spec.rb": [
        1,
        1,
        null,
        1,
        1,
        1,
        1,
        null,
        1,
        1,
        1,
        1,
        null,
        1,
        null,
        1,
        1,
        1,
        1,
        null,
        null,
        null
      ]
    },
    "timestamp": 1571846352
  }
}
